<?xml version="1.0" encoding="UTF-8"?>
<!-- Generated by org.testng.reporters.JUnitReportReporter -->
<testsuite hostname="MUKESH-PC" failures="0" tests="4" name="driverFactory.TestScript" time="44.527" errors="0" timestamp="2023-06-13T15:36:47 IST" skipped="0">
  <testcase classname="driverFactory.TestScript" name="verifyFrontPageTitle" time="5.567"/>
  <system-out>
    <![CDATA[Front page title verified ::  Online Shopping site in India: Shop Online for Mobiles, Books, Watches, Shoes and More - Amazon.in]]>
  </system-out>
  <testcase classname="driverFactory.TestScript" name="verifyFrontPageHeader" time="0.394"/>
  <system-out>
    <![CDATA[Front page header verified ::  Amazon miniTV]]>
  </system-out>
  <testcase classname="driverFactory.TestScript" name="search" time="8.990"/>
  <system-out>
    <![CDATA[Search Functionality of this app verified ::  "a sport shoe for men"]]>
  </system-out>
  <testcase classname="driverFactory.TestScript" name="ASearchedProducts" time="29.576"/>
  <system-out>
    <![CDATA[All searched product loaded and Clicked Product verified:: | Speedster Men Running Shoe  | Speedster Men Running Shoe]]>
  </system-out>
</testsuite> <!-- driverFactory.TestScript -->
