<?xml version="1.0" encoding="UTF-8"?>
<!-- Generated by org.testng.reporters.JUnitReportReporter -->
<testsuite hostname="MUKESH-PC" failures="0" tests="4" name="driverFactory.TestScript" time="49.182" errors="0" timestamp="2023-06-30T17:15:40 IST" skipped="0">
  <testcase classname="driverFactory.TestScript" name="verifyFrontPageTitle" time="7.938"/>
  <system-out>
    <![CDATA[Front page title verified ::  Online Shopping site in India: Shop Online for Mobiles, Books, Watches, Shoes and More - Amazon.in]]>
  </system-out>
  <testcase classname="driverFactory.TestScript" name="verifyFrontPageHeader" time="0.625"/>
  <system-out>
    <![CDATA[Front page header verified ::  Amazon miniTV]]>
  </system-out>
  <testcase classname="driverFactory.TestScript" name="search" time="9.716"/>
  <system-out>
    <![CDATA[Search Functionality of this app verified ::  "a sport shoe for men"]]>
  </system-out>
  <testcase classname="driverFactory.TestScript" name="ASearchedProducts" time="30.903"/>
  <system-out>
    <![CDATA[All searched product loaded and Clicked Product verified:: Men's Wonder-13 Sports Running Shoes  Men's Wonder-13 Sports Running Shoes]]>
  </system-out>
</testsuite> <!-- driverFactory.TestScript -->
