<?xml version="1.0" encoding="UTF-8"?>
<!-- Generated by org.testng.reporters.JUnitReportReporter -->
<testsuite hostname="MUKESH-PC" failures="0" tests="4" name="driverFactory.TestScript01" time="35.339" errors="0" timestamp="2023-07-12T23:19:49 IST" skipped="0">
  <testcase classname="driverFactory.TestScript01" name="verifyFrontPageTitle" time="1.712">
    <system-out>
      <![CDATA[Front page title verified ::  Online Shopping site in India: Shop Online for Mobiles, Books, Watches, Shoes and More - Amazon.in]]>
    </system-out>
  </testcase> <!-- verifyFrontPageTitle -->
  <testcase classname="driverFactory.TestScript01" name="verifyFrontPageHeader" time="0.233">
    <system-out>
      <![CDATA[Front page header verified ::  Amazon miniTV]]>
    </system-out>
  </testcase> <!-- verifyFrontPageHeader -->
  <testcase classname="driverFactory.TestScript01" name="search" time="7.682">
    <system-out>
      <![CDATA[Search Functionality of this app verified ::  "a sport shoe for men"]]>
    </system-out>
  </testcase> <!-- search -->
  <testcase classname="driverFactory.TestScript01" name="ASearchedProducts" time="25.712">
    <system-out>
      <![CDATA[All searched product loaded and Clicked Product verified:: Men's Running Shoe  Men's Running Shoe]]>
    </system-out>
  </testcase> <!-- ASearchedProducts -->
  <system-out>
    <![CDATA[Front page title verified ::  Online Shopping site in India: Shop Online for Mobiles, Books, Watches, Shoes and More - Amazon.in
Front page header verified ::  Amazon miniTV
Search Functionality of this app verified ::  "a sport shoe for men"
All searched product loaded and Clicked Product verified:: Men's Running Shoe  Men's Running Shoe]]>
  </system-out>
</testsuite> <!-- driverFactory.TestScript01 -->
