<?xml version="1.0" encoding="UTF-8"?>
<!-- Generated by org.testng.reporters.JUnitReportReporter -->
<testsuite hostname="MUKESH-PC" failures="0" tests="4" name="driverFactory.TestScript" time="53.987" errors="0" timestamp="2023-06-08T15:58:28 IST" skipped="0">
  <testcase classname="driverFactory.TestScript" name="verifyFrontPageTitle" time="1.832"/>
  <system-out>
    <![CDATA[Front page title verified ::  Online Shopping site in India: Shop Online for Mobiles, Books, Watches, Shoes and More - Amazon.in]]>
  </system-out>
  <testcase classname="driverFactory.TestScript" name="verifyFrontPageHeader" time="0.202"/>
  <system-out>
    <![CDATA[Front page header verified ::  Amazon miniTV]]>
  </system-out>
  <testcase classname="driverFactory.TestScript" name="search" time="23.201"/>
  <system-out>
    <![CDATA[Search Functionality of this app verified ::  "a sport shoe for men"]]>
  </system-out>
  <testcase classname="driverFactory.TestScript" name="ASearchedProducts" time="28.752"/>
  <system-out>
    <![CDATA[All searched product loaded and Clicked Product verified:: Men's Running Shoes  Men's Running Shoes]]>
  </system-out>
</testsuite> <!-- driverFactory.TestScript -->
